TN:
SF:src/constants/errorMessages.ts
FNF:0
FNH:0
DA:1,1
DA:2,1
DA:3,1
DA:4,1
DA:5,1
DA:6,1
LF:6
LH:6
BRF:0
BRH:0
end_of_record
TN:
SF:src/controllers/leadController.ts
FN:14,(anonymous_1)
FN:24,(anonymous_2)
FN:41,(anonymous_3)
FNF:3
FNH:3
FNDA:2,(anonymous_1)
FNDA:3,(anonymous_2)
FNDA:6,(anonymous_3)
DA:2,1
DA:3,1
DA:14,1
DA:15,2
DA:16,2
DA:17,1
DA:19,1
DA:20,1
DA:24,1
DA:25,3
DA:27,3
DA:28,1
DA:31,2
DA:32,2
DA:33,1
DA:34,1
DA:36,1
DA:37,1
DA:41,1
DA:42,6
DA:43,6
DA:45,6
DA:46,1
DA:49,5
DA:50,5
DA:51,4
DA:52,1
DA:54,3
DA:55,2
DA:58,1
DA:59,1
DA:60,1
DA:62,1
DA:63,1
LF:34
LH:34
BRDA:27,0,0,1
BRDA:27,1,0,3
BRDA:27,1,1,2
BRDA:45,2,0,1
BRDA:51,3,0,1
BRDA:54,4,0,2
BRF:6
BRH:6
end_of_record
TN:
SF:src/tests/mocks/leads.ts
FNF:0
FNH:0
DA:1,1
LF:1
LH:1
BRF:0
BRH:0
end_of_record
